\BOOKMARK [0][-]{chapter.1}{}{}% 1
\BOOKMARK [1][-]{subsection.1.0.1}{ \337\265 \040}{chapter.1}% 2
\BOOKMARK [2][-]{subsection.1.0.2}{\337 }{subsection.1.0.1}% 3
\BOOKMARK [0][-]{chapter.2}{ }{}% 4
\BOOKMARK [1][-]{section.2.1}{}{chapter.2}% 5
\BOOKMARK [1][-]{section.2.2}{\265}{chapter.2}% 6
\BOOKMARK [2][-]{subsection.2.2.1}{ Euler}{section.2.2}% 7
\BOOKMARK [2][-]{subsection.2.2.2}{ }{section.2.2}% 8
\BOOKMARK [1][-]{section.2.3}{}{chapter.2}% 9
\BOOKMARK [1][-]{section.2.4}{ \337 \040- \265}{chapter.2}% 10
\BOOKMARK [1][-]{section.2.5}{ \265 \265}{chapter.2}% 11
\BOOKMARK [1][-]{section.2.6}{ \040}{chapter.2}% 12
\BOOKMARK [1][-]{section.2.7}{ }{chapter.2}% 13
\BOOKMARK [0][-]{chapter.3}{\265 }{}% 14
\BOOKMARK [1][-]{section.3.1}{\265}{chapter.3}% 15
\BOOKMARK [1][-]{section.3.2}{ \040 - }{chapter.3}% 16
\BOOKMARK [0][-]{chapter.4}{\265 }{}% 17
\BOOKMARK [1][-]{section.4.1}{\265 \337}{chapter.4}% 18
\BOOKMARK [1][-]{section.4.2}{-\265\265 }{chapter.4}% 19
\BOOKMARK [2][-]{subsection.4.2.1}{\265 }{section.4.2}% 20
\BOOKMARK [2][-]{subsection.4.2.2}{\265}{section.4.2}% 21
\BOOKMARK [1][-]{section.4.3}{ }{chapter.4}% 22
\BOOKMARK [2][-]{subsection.4.3.1}{\265 }{section.4.3}% 23
\BOOKMARK [2][-]{subsection.4.3.2}{ \040}{section.4.3}% 24
\BOOKMARK [1][-]{section.4.4}{ }{chapter.4}% 25
\BOOKMARK [2][-]{subsection.4.4.1}{ }{section.4.4}% 26
\BOOKMARK [0][-]{chapter.5}{\265 \265}{}% 27
\BOOKMARK [0][-]{chapter.6}{\265\265 \046 \040}{}% 28
\BOOKMARK [0][-]{chapter.6}{\337}{}% 29
